Solid Edge Translation to STEP
Date: Sunday,May 19,2024 04:55pm
Output File: C:\Users\umara\OneDrive\Documents\EFA05\4th year\MECN4029_Mechatronics 2\Assignment\Cad model\Mawande modified\new\FINAL CAD\Motor_FINAL.stp
Author: Unknown
Organization: Unknown
Source System: Solid Edge

Hardware:
Processor: 12th Gen Intel(R) Core(TM) i5-1235U
Operating System: Windows 11 Version:23H2 Build:22631 System Type:64-bit
Installed Memory: 7.73 GB

Software Information
Parasolid Version: 36.0.142
PSBodyShop Version: 36.0.108
Step Adapter Version: 13.0.163
Solid Edge Version: 224.00.00.101 x64

STEP Export Options
Export Format: AP214
Export Construction Sheets: Off
Export Construction Solids: Off
Export Construction Wires: Off
Export Displayed Parts Only: Off
Export Units: Millimeters
Export Part Component Names As Unicode: Off
Export PMI: Off

Phase 1 of 1 Translating Parasolid to foreign data types...
Translation process completed
Time required to translate:00 : 00 : 01
